<?xml version="1.0" encoding="UTF-8"?>
<!-- Generated by org.testng.reporters.JUnitReportReporter -->
<testsuite skipped="0" hostname="AHUSSAIN-LAP" name="TestDemo.NexarTestSuite" tests="2" failures="0" timestamp="2021-02-07T16:52:01 EET" time="58.082" errors="0">
  <testcase name="LoginTest" time="33.484" classname="TestDemo.NexarTestSuite"/>
  <testcase name="LogoutTest" time="24.598" classname="TestDemo.NexarTestSuite"/>
</testsuite> <!-- TestDemo.NexarTestSuite -->
